d:\1_ins\ins_2d5lvs_20240527-sdkupdate\inscamera\demo\x64\release\qrc_rresource.obj
d:\1_ins\ins_2d5lvs_20240527-sdkupdate\inscamera\demo\x64\release\ins_deviceconnect.obj
d:\1_ins\ins_2d5lvs_20240527-sdkupdate\inscamera\demo\x64\release\ins_devicechoose.obj
d:\1_ins\ins_2d5lvs_20240527-sdkupdate\inscamera\demo\x64\release\ins_spaceadjust.obj
d:\1_ins\ins_2d5lvs_20240527-sdkupdate\inscamera\demo\x64\release\ins_directionchoose.obj
d:\1_ins\ins_2d5lvs_20240527-sdkupdate\inscamera\demo\x64\release\updatethread.obj
d:\1_ins\ins_2d5lvs_20240527-sdkupdate\inscamera\demo\x64\release\mygraphicsview.obj
d:\1_ins\ins_2d5lvs_20240527-sdkupdate\inscamera\demo\x64\release\main.obj
d:\1_ins\ins_2d5lvs_20240527-sdkupdate\inscamera\demo\x64\release\modbuscommit.obj
d:\1_ins\ins_2d5lvs_20240527-sdkupdate\inscamera\demo\x64\release\insglobalvar.obj
d:\1_ins\ins_2d5lvs_20240527-sdkupdate\inscamera\demo\x64\release\mainwindow.obj
d:\1_ins\ins_2d5lvs_20240527-sdkupdate\inscamera\demo\x64\release\ins_titlebar.obj
d:\1_ins\ins_2d5lvs_20240527-sdkupdate\inscamera\demo\x64\release\lightedit.obj
d:\1_ins\ins_2d5lvs_20240527-sdkupdate\inscamera\demo\x64\release\ins_camlightpose.obj
d:\1_ins\ins_2d5lvs_20240527-sdkupdate\inscamera\demo\x64\release\ins_widget.obj
d:\1_ins\ins_2d5lvs_20240527-sdkupdate\inscamera\demo\x64\release\ins_encodeverify.obj
d:\1_ins\ins_2d5lvs_20240527-sdkupdate\inscamera\demo\x64\release\ins_imagevalue.obj
d:\1_ins\ins_2d5lvs_20240527-sdkupdate\inscamera\demo\x64\release\moc_ins_devicechoose.obj
d:\1_ins\ins_2d5lvs_20240527-sdkupdate\inscamera\demo\x64\release\moc_lightedit.obj
d:\1_ins\ins_2d5lvs_20240527-sdkupdate\inscamera\demo\x64\release\moc_ins_deviceconnect.obj
d:\1_ins\ins_2d5lvs_20240527-sdkupdate\inscamera\demo\x64\release\moc_ins_directionchoose.obj
d:\1_ins\ins_2d5lvs_20240527-sdkupdate\inscamera\demo\x64\release\moc_ins_encodeverify.obj
d:\1_ins\ins_2d5lvs_20240527-sdkupdate\inscamera\demo\x64\release\moc_ins_spaceadjust.obj
d:\1_ins\ins_2d5lvs_20240527-sdkupdate\inscamera\demo\x64\release\moc_ins_titlebar.obj
d:\1_ins\ins_2d5lvs_20240527-sdkupdate\inscamera\demo\x64\release\moc_ins_camlightpose.obj
d:\1_ins\ins_2d5lvs_20240527-sdkupdate\inscamera\demo\x64\release\moc_modbuscommit.obj
d:\1_ins\ins_2d5lvs_20240527-sdkupdate\inscamera\demo\x64\release\moc_mainwindow.obj
d:\1_ins\ins_2d5lvs_20240527-sdkupdate\inscamera\demo\x64\release\moc_ins_widget.obj
d:\1_ins\ins_2d5lvs_20240527-sdkupdate\inscamera\demo\x64\release\moc_ins_imagevalue.obj
d:\1_ins\ins_2d5lvs_20240527-sdkupdate\inscamera\demo\x64\release\moc_updatethread.obj
d:\1_ins\ins_2d5lvs_20240527-sdkupdate\inscamera\demo\x64\release\moc_mygraphicsview.obj
d:\1_ins\ins_2d5lvs_20240530-sdkup-processimage\inscamera\demo\x64\release\insglobalvar.obj
d:\1_ins\ins_2d5lvs_20240530-sdkup-processimage\inscamera\demo\x64\release\ins_devicechoose.obj
d:\1_ins\ins_2d5lvs_20240530-sdkup-processimage\inscamera\demo\x64\release\imageprocessor.obj
d:\1_ins\ins_2d5lvs_20240530-sdkup-processimage\inscamera\demo\x64\release\ins_directionchoose.obj
d:\1_ins\ins_2d5lvs_20240530-sdkup-processimage\inscamera\demo\x64\release\updatethread.obj
d:\1_ins\ins_2d5lvs_20240530-sdkup-processimage\inscamera\demo\x64\release\mainwindow.obj
d:\1_ins\ins_2d5lvs_20240530-sdkup-processimage\inscamera\demo\x64\release\ins_imagevalue.obj
d:\1_ins\ins_2d5lvs_20240530-sdkup-processimage\inscamera\demo\x64\release\ins_deviceconnect.obj
d:\1_ins\ins_2d5lvs_20240530-sdkup-processimage\inscamera\demo\x64\release\ins_titlebar.obj
d:\1_ins\ins_2d5lvs_20240530-sdkup-processimage\inscamera\demo\x64\release\main.obj
d:\1_ins\ins_2d5lvs_20240530-sdkup-processimage\inscamera\demo\x64\release\modbuscommit.obj
d:\1_ins\ins_2d5lvs_20240530-sdkup-processimage\inscamera\demo\x64\release\ins_spaceadjust.obj
d:\1_ins\ins_2d5lvs_20240530-sdkup-processimage\inscamera\demo\x64\release\mygraphicsview.obj
d:\1_ins\ins_2d5lvs_20240530-sdkup-processimage\inscamera\demo\x64\release\lightedit.obj
d:\1_ins\ins_2d5lvs_20240530-sdkup-processimage\inscamera\demo\x64\release\ins_encodeverify.obj
d:\1_ins\ins_2d5lvs_20240530-sdkup-processimage\inscamera\demo\x64\release\ins_camlightpose.obj
d:\1_ins\ins_2d5lvs_20240530-sdkup-processimage\inscamera\demo\x64\release\ins_widget.obj
d:\1_ins\ins_2d5lvs_20240530-sdkup-processimage\inscamera\demo\x64\release\qrc_rresource.obj
d:\1_ins\ins_2d5lvs_20240530-sdkup-processimage\inscamera\demo\x64\release\moc_ins_devicechoose.obj
d:\1_ins\ins_2d5lvs_20240530-sdkup-processimage\inscamera\demo\x64\release\moc_lightedit.obj
d:\1_ins\ins_2d5lvs_20240530-sdkup-processimage\inscamera\demo\x64\release\moc_ins_widget.obj
d:\1_ins\ins_2d5lvs_20240530-sdkup-processimage\inscamera\demo\x64\release\moc_mainwindow.obj
d:\1_ins\ins_2d5lvs_20240530-sdkup-processimage\inscamera\demo\x64\release\moc_ins_spaceadjust.obj
d:\1_ins\ins_2d5lvs_20240530-sdkup-processimage\inscamera\demo\x64\release\moc_updatethread.obj
d:\1_ins\ins_2d5lvs_20240530-sdkup-processimage\inscamera\demo\x64\release\moc_ins_directionchoose.obj
d:\1_ins\ins_2d5lvs_20240530-sdkup-processimage\inscamera\demo\x64\release\moc_ins_camlightpose.obj
d:\1_ins\ins_2d5lvs_20240530-sdkup-processimage\inscamera\demo\x64\release\moc_modbuscommit.obj
d:\1_ins\ins_2d5lvs_20240530-sdkup-processimage\inscamera\demo\x64\release\moc_ins_imagevalue.obj
d:\1_ins\ins_2d5lvs_20240530-sdkup-processimage\inscamera\demo\x64\release\moc_ins_titlebar.obj
d:\1_ins\ins_2d5lvs_20240530-sdkup-processimage\inscamera\demo\x64\release\moc_mygraphicsview.obj
d:\1_ins\ins_2d5lvs_20240530-sdkup-processimage\inscamera\demo\x64\release\moc_ins_deviceconnect.obj
d:\1_ins\ins_2d5lvs_20240530-sdkup-processimage\inscamera\demo\x64\release\moc_ins_encodeverify.obj
d:\1_ins\ins_2d5lvs_20240527-sdkupdate\inscamera\demo\x64\release\uic\ui_ins_camlightpose.h
d:\1_ins\ins_2d5lvs_20240527-sdkupdate\inscamera\demo\x64\release\uic\ui_ins_devicechoose.h
d:\1_ins\ins_2d5lvs_20240527-sdkupdate\inscamera\demo\x64\release\uic\ui_ins_deviceconnect.h
d:\1_ins\ins_2d5lvs_20240527-sdkupdate\inscamera\demo\x64\release\uic\ui_ins_directionchoose.h
d:\1_ins\ins_2d5lvs_20240527-sdkupdate\inscamera\demo\x64\release\uic\ui_ins_encodeverify.h
d:\1_ins\ins_2d5lvs_20240527-sdkupdate\inscamera\demo\x64\release\uic\ui_ins_imagevalue.h
d:\1_ins\ins_2d5lvs_20240527-sdkupdate\inscamera\demo\x64\release\uic\ui_ins_spaceadjust.h
d:\1_ins\ins_2d5lvs_20240527-sdkupdate\inscamera\demo\x64\release\uic\ui_lightedit.h
d:\1_ins\ins_2d5lvs_20240527-sdkupdate\inscamera\demo\x64\release\uic\ui_mainwindow.h
d:\1_ins\ins_2d5lvs_20240527-sdkupdate\inscamera\demo\x64\release\rcc\qrc_rresource.cpp
d:\1_ins\ins_2d5lvs_20240527-sdkupdate\inscamera\demo\x64\release\moc\moc_ins_camlightpose.cpp
d:\1_ins\ins_2d5lvs_20240527-sdkupdate\inscamera\demo\x64\release\moc\moc_ins_devicechoose.cpp
d:\1_ins\ins_2d5lvs_20240527-sdkupdate\inscamera\demo\x64\release\moc\moc_ins_encodeverify.cpp
d:\1_ins\ins_2d5lvs_20240527-sdkupdate\inscamera\demo\x64\release\moc\moc_ins_imagevalue.cpp
d:\1_ins\ins_2d5lvs_20240527-sdkupdate\inscamera\demo\x64\release\moc\moc_ins_spaceadjust.cpp
d:\1_ins\ins_2d5lvs_20240527-sdkupdate\inscamera\demo\x64\release\moc\moc_ins_widget.cpp
d:\1_ins\ins_2d5lvs_20240527-sdkupdate\inscamera\demo\x64\release\moc\moc_mygraphicsview.cpp
d:\1_ins\ins_2d5lvs_20240527-sdkupdate\inscamera\demo\x64\release\moc\moc_ins_directionchoose.cpp
d:\1_ins\ins_2d5lvs_20240527-sdkupdate\inscamera\demo\x64\release\moc\moc_ins_deviceconnect.cpp
d:\1_ins\ins_2d5lvs_20240527-sdkupdate\inscamera\demo\x64\release\moc\moc_ins_titlebar.cpp
d:\1_ins\ins_2d5lvs_20240527-sdkupdate\inscamera\demo\x64\release\moc\moc_updatethread.cpp
d:\1_ins\ins_2d5lvs_20240527-sdkupdate\inscamera\demo\x64\release\moc\moc_modbuscommit.cpp
d:\1_ins\ins_2d5lvs_20240527-sdkupdate\inscamera\demo\x64\release\moc\moc_mainwindow.cpp
d:\1_ins\ins_2d5lvs_20240527-sdkupdate\inscamera\demo\x64\release\moc\moc_lightedit.cpp
d:\1_ins\ins_2d5lvs_20240530-sdkup-processimage\inscamera\demo\x64\release\uic\ui_ins_camlightpose.h
d:\1_ins\ins_2d5lvs_20240530-sdkup-processimage\inscamera\demo\x64\release\uic\ui_ins_devicechoose.h
d:\1_ins\ins_2d5lvs_20240530-sdkup-processimage\inscamera\demo\x64\release\uic\ui_ins_deviceconnect.h
d:\1_ins\ins_2d5lvs_20240530-sdkup-processimage\inscamera\demo\x64\release\uic\ui_ins_directionchoose.h
d:\1_ins\ins_2d5lvs_20240530-sdkup-processimage\inscamera\demo\x64\release\uic\ui_ins_encodeverify.h
d:\1_ins\ins_2d5lvs_20240530-sdkup-processimage\inscamera\demo\x64\release\uic\ui_ins_imagevalue.h
d:\1_ins\ins_2d5lvs_20240530-sdkup-processimage\inscamera\demo\x64\release\uic\ui_ins_spaceadjust.h
d:\1_ins\ins_2d5lvs_20240530-sdkup-processimage\inscamera\demo\x64\release\uic\ui_lightedit.h
d:\1_ins\ins_2d5lvs_20240530-sdkup-processimage\inscamera\demo\x64\release\uic\ui_mainwindow.h
d:\1_ins\ins_2d5lvs_20240530-sdkup-processimage\inscamera\demo\x64\release\rcc\qrc_rresource.cpp
d:\1_ins\ins_2d5lvs_20240530-sdkup-processimage\inscamera\demo\x64\release\moc\moc_ins_camlightpose.cpp
d:\1_ins\ins_2d5lvs_20240530-sdkup-processimage\inscamera\demo\x64\release\moc\moc_ins_devicechoose.cpp
d:\1_ins\ins_2d5lvs_20240530-sdkup-processimage\inscamera\demo\x64\release\moc\moc_ins_encodeverify.cpp
d:\1_ins\ins_2d5lvs_20240530-sdkup-processimage\inscamera\demo\x64\release\moc\moc_ins_imagevalue.cpp
d:\1_ins\ins_2d5lvs_20240530-sdkup-processimage\inscamera\demo\x64\release\moc\moc_ins_spaceadjust.cpp
d:\1_ins\ins_2d5lvs_20240530-sdkup-processimage\inscamera\demo\x64\release\moc\moc_ins_widget.cpp
d:\1_ins\ins_2d5lvs_20240530-sdkup-processimage\inscamera\demo\x64\release\moc\moc_mygraphicsview.cpp
d:\1_ins\ins_2d5lvs_20240530-sdkup-processimage\inscamera\demo\x64\release\moc\moc_mainwindow.cpp
d:\1_ins\ins_2d5lvs_20240530-sdkup-processimage\inscamera\demo\x64\release\moc\moc_ins_directionchoose.cpp
d:\1_ins\ins_2d5lvs_20240530-sdkup-processimage\inscamera\demo\x64\release\moc\moc_ins_deviceconnect.cpp
d:\1_ins\ins_2d5lvs_20240530-sdkup-processimage\inscamera\demo\x64\release\moc\moc_ins_titlebar.cpp
d:\1_ins\ins_2d5lvs_20240530-sdkup-processimage\inscamera\demo\x64\release\moc\moc_updatethread.cpp
d:\1_ins\ins_2d5lvs_20240530-sdkup-processimage\inscamera\demo\x64\release\moc\moc_modbuscommit.cpp
d:\1_ins\ins_2d5lvs_20240530-sdkup-processimage\inscamera\demo\x64\release\moc\moc_lightedit.cpp
d:\1_ins\ins_2d5lvs_20240527-sdkupdate\inscamera\x64\release\demo.exe
d:\1_ins\ins_2d5lvs_20240527-sdkupdate\inscamera\demo\x64\release\demo1.res
d:\1_ins\ins_2d5lvs_20240530-sdkup-processimage\inscamera\demo\x64\release\demo1.res
d:\1_ins\ins_2d5lvs_20240530-sdkup-processimage\inscamera\demo\x64\release\demo.tlog\cl.command.1.tlog
d:\1_ins\ins_2d5lvs_20240530-sdkup-processimage\inscamera\demo\x64\release\demo.tlog\cl.read.1.tlog
d:\1_ins\ins_2d5lvs_20240530-sdkup-processimage\inscamera\demo\x64\release\demo.tlog\cl.write.1.tlog
d:\1_ins\ins_2d5lvs_20240530-sdkup-processimage\inscamera\demo\x64\release\demo.tlog\demo.write.1u.tlog
d:\1_ins\ins_2d5lvs_20240530-sdkup-processimage\inscamera\demo\x64\release\demo.tlog\link-cvtres.read.1.tlog
d:\1_ins\ins_2d5lvs_20240530-sdkup-processimage\inscamera\demo\x64\release\demo.tlog\link-cvtres.write.1.tlog
d:\1_ins\ins_2d5lvs_20240530-sdkup-processimage\inscamera\demo\x64\release\demo.tlog\link-rc.read.1.tlog
d:\1_ins\ins_2d5lvs_20240530-sdkup-processimage\inscamera\demo\x64\release\demo.tlog\link-rc.write.1.tlog
d:\1_ins\ins_2d5lvs_20240530-sdkup-processimage\inscamera\demo\x64\release\demo.tlog\link.command.1.tlog
d:\1_ins\ins_2d5lvs_20240530-sdkup-processimage\inscamera\demo\x64\release\demo.tlog\link.read.1.tlog
d:\1_ins\ins_2d5lvs_20240530-sdkup-processimage\inscamera\demo\x64\release\demo.tlog\link.write.1.tlog
d:\1_ins\ins_2d5lvs_20240530-sdkup-processimage\inscamera\demo\x64\release\demo.tlog\moc.read.1u.tlog
d:\1_ins\ins_2d5lvs_20240530-sdkup-processimage\inscamera\demo\x64\release\demo.tlog\moc.write.1u.tlog
d:\1_ins\ins_2d5lvs_20240530-sdkup-processimage\inscamera\demo\x64\release\demo.tlog\rc.command.1.tlog
d:\1_ins\ins_2d5lvs_20240530-sdkup-processimage\inscamera\demo\x64\release\demo.tlog\rc.read.1.tlog
d:\1_ins\ins_2d5lvs_20240530-sdkup-processimage\inscamera\demo\x64\release\demo.tlog\rc.write.1.tlog
d:\1_ins\ins_2d5lvs_20240530-sdkup-processimage\inscamera\demo\x64\release\demo.tlog\rcc.read.1u.tlog
d:\1_ins\ins_2d5lvs_20240530-sdkup-processimage\inscamera\demo\x64\release\demo.tlog\rcc.write.1u.tlog
d:\1_ins\ins_2d5lvs_20240530-sdkup-processimage\inscamera\demo\x64\release\demo.tlog\uic.read.1u.tlog
d:\1_ins\ins_2d5lvs_20240530-sdkup-processimage\inscamera\demo\x64\release\demo.tlog\uic.write.1u.tlog
