d:\1_ins\ins_2d5lvs_20240530-sdkup-processimage\inscamera\inscamera\x64\debug\vc142.pdb
d:\1_ins\ins_2d5lvs_20240530-sdkup-processimage\inscamera\inscamera\x64\debug\vc142.idb
d:\1_ins\ins_2d5lvs_20240530-sdkup-processimage\inscamera\inscamera\x64\debug\modbus_udp.obj
d:\1_ins\ins_2d5lvs_20240530-sdkup-processimage\inscamera\inscamera\x64\debug\ins_utility_proc.obj
d:\1_ins\ins_2d5lvs_20240530-sdkup-processimage\inscamera\inscamera\x64\debug\ins_utility_global.obj
d:\1_ins\ins_2d5lvs_20240530-sdkup-processimage\inscamera\inscamera\x64\debug\ins_camera_proc.obj
d:\1_ins\ins_2d5lvs_20240530-sdkup-processimage\inscamera\inscamera\x64\debug\ins_2d5_log.obj
d:\1_ins\ins_2d5lvs_20240530-sdkup-processimage\inscamera\inscamera\x64\debug\inscp_udp.obj
d:\1_ins\ins_2d5lvs_20240530-sdkup-processimage\inscamera\inscamera\x64\debug\device.obj
d:\1_ins\ins_2d5lvs_20240530-sdkup-processimage\inscamera\inscamera\x64\debug\base_camera.obj
d:\1_ins\ins_2d5lvs_20240530-sdkup-processimage\inscamera\inscamera\x64\debug\ins_camera_c.obj
d:\1_ins\ins_2d5lvs_20240530-sdkup-processimage\inscamera\x64\debug\inscamera.lib
d:\1_ins\ins_2d5lvs_20240530-sdkup-processimage\inscamera\x64\debug\inscamera.exp
d:\1_ins\ins_2d5lvs_20240530-sdkup-processimage\inscamera\inscamera\x64\debug\inscamera.ilk
d:\1_ins\ins_2d5lvs_20240530-sdkup-processimage\inscamera\x64\debug\inscamera.dll
d:\1_ins\ins_2d5lvs_20240530-sdkup-processimage\inscamera\x64\debug\inscamera.pdb
d:\1_ins\ins_2d5lvs_20240530-sdkup-processimage\inscamera\inscamera\x64\debug\inscamera.tlog\cl.command.1.tlog
d:\1_ins\ins_2d5lvs_20240530-sdkup-processimage\inscamera\inscamera\x64\debug\inscamera.tlog\cl.read.1.tlog
d:\1_ins\ins_2d5lvs_20240530-sdkup-processimage\inscamera\inscamera\x64\debug\inscamera.tlog\cl.write.1.tlog
d:\1_ins\ins_2d5lvs_20240530-sdkup-processimage\inscamera\inscamera\x64\debug\inscamera.tlog\inscamera.write.1u.tlog
d:\1_ins\ins_2d5lvs_20240530-sdkup-processimage\inscamera\inscamera\x64\debug\inscamera.tlog\link.command.1.tlog
d:\1_ins\ins_2d5lvs_20240530-sdkup-processimage\inscamera\inscamera\x64\debug\inscamera.tlog\link.read.1.tlog
d:\1_ins\ins_2d5lvs_20240530-sdkup-processimage\inscamera\inscamera\x64\debug\inscamera.tlog\link.write.1.tlog
