d:\1_ins\ins_2d5lvs_20240530-sdkup-processimage\inscamera\demo\x64\debug\vc142.pdb
d:\1_ins\ins_2d5lvs_20240530-sdkup-processimage\inscamera\demo\x64\debug\qrc_rresource.obj
d:\1_ins\ins_2d5lvs_20240530-sdkup-processimage\inscamera\demo\x64\debug\ins_deviceconnect.obj
d:\1_ins\ins_2d5lvs_20240530-sdkup-processimage\inscamera\demo\x64\debug\mygraphicsview.obj
d:\1_ins\ins_2d5lvs_20240530-sdkup-processimage\inscamera\demo\x64\debug\ins_titlebar.obj
d:\1_ins\ins_2d5lvs_20240530-sdkup-processimage\inscamera\demo\x64\debug\main.obj
d:\1_ins\ins_2d5lvs_20240530-sdkup-processimage\inscamera\demo\x64\debug\ins_devicechoose.obj
d:\1_ins\ins_2d5lvs_20240530-sdkup-processimage\inscamera\demo\x64\debug\updatethread.obj
d:\1_ins\ins_2d5lvs_20240530-sdkup-processimage\inscamera\demo\x64\debug\lightedit.obj
d:\1_ins\ins_2d5lvs_20240530-sdkup-processimage\inscamera\demo\x64\debug\ins_widget.obj
d:\1_ins\ins_2d5lvs_20240530-sdkup-processimage\inscamera\demo\x64\debug\modbuscommit.obj
d:\1_ins\ins_2d5lvs_20240530-sdkup-processimage\inscamera\demo\x64\debug\ins_directionchoose.obj
d:\1_ins\ins_2d5lvs_20240530-sdkup-processimage\inscamera\demo\x64\debug\ins_imagevalue.obj
d:\1_ins\ins_2d5lvs_20240530-sdkup-processimage\inscamera\demo\x64\debug\ins_encodeverify.obj
d:\1_ins\ins_2d5lvs_20240530-sdkup-processimage\inscamera\demo\x64\debug\mainwindow.obj
d:\1_ins\ins_2d5lvs_20240530-sdkup-processimage\inscamera\demo\x64\debug\ins_spaceadjust.obj
d:\1_ins\ins_2d5lvs_20240530-sdkup-processimage\inscamera\demo\x64\debug\insglobalvar.obj
d:\1_ins\ins_2d5lvs_20240530-sdkup-processimage\inscamera\demo\x64\debug\ins_camlightpose.obj
d:\1_ins\ins_2d5lvs_20240530-sdkup-processimage\inscamera\demo\x64\debug\imageprocessor.obj
d:\1_ins\ins_2d5lvs_20240530-sdkup-processimage\inscamera\demo\x64\debug\moc_ins_widget.obj
d:\1_ins\ins_2d5lvs_20240530-sdkup-processimage\inscamera\demo\x64\debug\moc_ins_devicechoose.obj
d:\1_ins\ins_2d5lvs_20240530-sdkup-processimage\inscamera\demo\x64\debug\moc_ins_camlightpose.obj
d:\1_ins\ins_2d5lvs_20240530-sdkup-processimage\inscamera\demo\x64\debug\moc_ins_titlebar.obj
d:\1_ins\ins_2d5lvs_20240530-sdkup-processimage\inscamera\demo\x64\debug\moc_lightedit.obj
d:\1_ins\ins_2d5lvs_20240530-sdkup-processimage\inscamera\demo\x64\debug\moc_ins_spaceadjust.obj
d:\1_ins\ins_2d5lvs_20240530-sdkup-processimage\inscamera\demo\x64\debug\moc_ins_directionchoose.obj
d:\1_ins\ins_2d5lvs_20240530-sdkup-processimage\inscamera\demo\x64\debug\moc_modbuscommit.obj
d:\1_ins\ins_2d5lvs_20240530-sdkup-processimage\inscamera\demo\x64\debug\moc_ins_encodeverify.obj
d:\1_ins\ins_2d5lvs_20240530-sdkup-processimage\inscamera\demo\x64\debug\moc_mainwindow.obj
d:\1_ins\ins_2d5lvs_20240530-sdkup-processimage\inscamera\demo\x64\debug\moc_ins_deviceconnect.obj
d:\1_ins\ins_2d5lvs_20240530-sdkup-processimage\inscamera\demo\x64\debug\moc_imageprocessor.obj
d:\1_ins\ins_2d5lvs_20240530-sdkup-processimage\inscamera\demo\x64\debug\moc_updatethread.obj
d:\1_ins\ins_2d5lvs_20240530-sdkup-processimage\inscamera\demo\x64\debug\moc_mygraphicsview.obj
d:\1_ins\ins_2d5lvs_20240530-sdkup-processimage\inscamera\demo\x64\debug\moc_ins_imagevalue.obj
d:\1_ins\ins_2d5lvs_20240604-sdkup-ui2\inscamera\demo\x64\debug\ins_widget.obj
d:\1_ins\ins_2d5lvs_20240604-sdkup-ui2\inscamera\demo\x64\debug\ins_camlightpose.obj
d:\1_ins\ins_2d5lvs_20240604-sdkup-ui2\inscamera\demo\x64\debug\ins_devicechoose.obj
d:\1_ins\ins_2d5lvs_20240604-sdkup-ui2\inscamera\demo\x64\debug\mygraphicsview.obj
d:\1_ins\ins_2d5lvs_20240604-sdkup-ui2\inscamera\demo\x64\debug\ins_imagevalue.obj
d:\1_ins\ins_2d5lvs_20240604-sdkup-ui2\inscamera\demo\x64\debug\ins_encodeverify.obj
d:\1_ins\ins_2d5lvs_20240604-sdkup-ui2\inscamera\demo\x64\debug\lightedit.obj
d:\1_ins\ins_2d5lvs_20240604-sdkup-ui2\inscamera\demo\x64\debug\ins_spaceadjust.obj
d:\1_ins\ins_2d5lvs_20240604-sdkup-ui2\inscamera\demo\x64\debug\mainwindow.obj
d:\1_ins\ins_2d5lvs_20240604-sdkup-ui2\inscamera\demo\x64\debug\ins_deviceconnect.obj
d:\1_ins\ins_2d5lvs_20240604-sdkup-ui2\inscamera\demo\x64\debug\main.obj
d:\1_ins\ins_2d5lvs_20240604-sdkup-ui2\inscamera\demo\x64\debug\updatethread.obj
d:\1_ins\ins_2d5lvs_20240604-sdkup-ui2\inscamera\demo\x64\debug\imageprocessor.obj
d:\1_ins\ins_2d5lvs_20240604-sdkup-ui2\inscamera\demo\x64\debug\ins_directionchoose.obj
d:\1_ins\ins_2d5lvs_20240604-sdkup-ui2\inscamera\demo\x64\debug\ins_titlebar.obj
d:\1_ins\ins_2d5lvs_20240604-sdkup-ui2\inscamera\demo\x64\debug\modbuscommit.obj
d:\1_ins\ins_2d5lvs_20240604-sdkup-ui2\inscamera\demo\x64\debug\insglobalvar.obj
d:\1_ins\ins_2d5lvs_20240604-sdkup-ui2\inscamera\demo\x64\debug\vc142.pdb
d:\1_ins\ins_2d5lvs_20240604-sdkup-ui2\inscamera\demo\x64\debug\qrc_rresource.obj
d:\1_ins\ins_2d5lvs_20240604-sdkup-ui2\inscamera\demo\x64\debug\moc_ins_spaceadjust.obj
d:\1_ins\ins_2d5lvs_20240604-sdkup-ui2\inscamera\demo\x64\debug\moc_modbuscommit.obj
d:\1_ins\ins_2d5lvs_20240604-sdkup-ui2\inscamera\demo\x64\debug\moc_mainwindow.obj
d:\1_ins\ins_2d5lvs_20240604-sdkup-ui2\inscamera\demo\x64\debug\moc_ins_encodeverify.obj
d:\1_ins\ins_2d5lvs_20240604-sdkup-ui2\inscamera\demo\x64\debug\moc_ins_directionchoose.obj
d:\1_ins\ins_2d5lvs_20240604-sdkup-ui2\inscamera\demo\x64\debug\moc_ins_widget.obj
d:\1_ins\ins_2d5lvs_20240604-sdkup-ui2\inscamera\demo\x64\debug\moc_ins_deviceconnect.obj
d:\1_ins\ins_2d5lvs_20240604-sdkup-ui2\inscamera\demo\x64\debug\moc_lightedit.obj
d:\1_ins\ins_2d5lvs_20240604-sdkup-ui2\inscamera\demo\x64\debug\moc_mygraphicsview.obj
d:\1_ins\ins_2d5lvs_20240604-sdkup-ui2\inscamera\demo\x64\debug\moc_ins_camlightpose.obj
d:\1_ins\ins_2d5lvs_20240604-sdkup-ui2\inscamera\demo\x64\debug\moc_updatethread.obj
d:\1_ins\ins_2d5lvs_20240604-sdkup-ui2\inscamera\demo\x64\debug\moc_ins_devicechoose.obj
d:\1_ins\ins_2d5lvs_20240604-sdkup-ui2\inscamera\demo\x64\debug\moc_imageprocessor.obj
d:\1_ins\ins_2d5lvs_20240604-sdkup-ui2\inscamera\demo\x64\debug\moc_ins_imagevalue.obj
d:\1_ins\ins_2d5lvs_20240604-sdkup-ui2\inscamera\demo\x64\debug\moc_ins_titlebar.obj
d:\1_ins\ins_2d5lvs_20240604-sdkup-v203\inscamera\demo\x64\debug\ins_imagevalue.obj
d:\1_ins\ins_2d5lvs_20240604-sdkup-v203\inscamera\demo\x64\debug\modbuscommit.obj
d:\1_ins\ins_2d5lvs_20240604-sdkup-v203\inscamera\demo\x64\debug\mygraphicsview.obj
d:\1_ins\ins_2d5lvs_20240604-sdkup-v203\inscamera\demo\x64\debug\ins_titlebar.obj
d:\1_ins\ins_2d5lvs_20240604-sdkup-v203\inscamera\demo\x64\debug\updatethread.obj
d:\1_ins\ins_2d5lvs_20240604-sdkup-v203\inscamera\demo\x64\debug\ins_encodeverify.obj
d:\1_ins\ins_2d5lvs_20240604-sdkup-v203\inscamera\demo\x64\debug\ins_devicechoose.obj
d:\1_ins\ins_2d5lvs_20240604-sdkup-v203\inscamera\demo\x64\debug\ins_spaceadjust.obj
d:\1_ins\ins_2d5lvs_20240604-sdkup-v203\inscamera\demo\x64\debug\ins_directionchoose.obj
d:\1_ins\ins_2d5lvs_20240604-sdkup-v203\inscamera\demo\x64\debug\insglobalvar.obj
d:\1_ins\ins_2d5lvs_20240604-sdkup-v203\inscamera\demo\x64\debug\mainwindow.obj
d:\1_ins\ins_2d5lvs_20240604-sdkup-v203\inscamera\demo\x64\debug\ins_widget.obj
d:\1_ins\ins_2d5lvs_20240604-sdkup-v203\inscamera\demo\x64\debug\ins_camlightpose.obj
d:\1_ins\ins_2d5lvs_20240604-sdkup-v203\inscamera\demo\x64\debug\main.obj
d:\1_ins\ins_2d5lvs_20240604-sdkup-v203\inscamera\demo\x64\debug\lightedit.obj
d:\1_ins\ins_2d5lvs_20240604-sdkup-v203\inscamera\demo\x64\debug\ins_deviceconnect.obj
d:\1_ins\ins_2d5lvs_20240604-sdkup-v203\inscamera\demo\x64\debug\imageprocessor.obj
d:\1_ins\ins_2d5lvs_20240604-sdkup-v203\inscamera\demo\x64\debug\vc142.pdb
d:\1_ins\ins_2d5lvs_20240604-sdkup-v203\inscamera\demo\x64\debug\qrc_rresource.obj
d:\1_ins\ins_2d5lvs_20240604-sdkup-v203\inscamera\demo\x64\debug\moc_ins_titlebar.obj
d:\1_ins\ins_2d5lvs_20240604-sdkup-v203\inscamera\demo\x64\debug\moc_updatethread.obj
d:\1_ins\ins_2d5lvs_20240604-sdkup-v203\inscamera\demo\x64\debug\moc_mygraphicsview.obj
d:\1_ins\ins_2d5lvs_20240604-sdkup-v203\inscamera\demo\x64\debug\moc_modbuscommit.obj
d:\1_ins\ins_2d5lvs_20240604-sdkup-v203\inscamera\demo\x64\debug\moc_ins_deviceconnect.obj
d:\1_ins\ins_2d5lvs_20240604-sdkup-v203\inscamera\demo\x64\debug\moc_ins_imagevalue.obj
d:\1_ins\ins_2d5lvs_20240604-sdkup-v203\inscamera\demo\x64\debug\moc_imageprocessor.obj
d:\1_ins\ins_2d5lvs_20240604-sdkup-v203\inscamera\demo\x64\debug\moc_mainwindow.obj
d:\1_ins\ins_2d5lvs_20240604-sdkup-v203\inscamera\demo\x64\debug\moc_ins_camlightpose.obj
d:\1_ins\ins_2d5lvs_20240604-sdkup-v203\inscamera\demo\x64\debug\moc_ins_directionchoose.obj
d:\1_ins\ins_2d5lvs_20240604-sdkup-v203\inscamera\demo\x64\debug\moc_ins_widget.obj
d:\1_ins\ins_2d5lvs_20240604-sdkup-v203\inscamera\demo\x64\debug\moc_ins_devicechoose.obj
d:\1_ins\ins_2d5lvs_20240604-sdkup-v203\inscamera\demo\x64\debug\moc_ins_spaceadjust.obj
d:\1_ins\ins_2d5lvs_20240604-sdkup-v203\inscamera\demo\x64\debug\moc_lightedit.obj
d:\1_ins\ins_2d5lvs_20240604-sdkup-v203\inscamera\demo\x64\debug\moc_ins_encodeverify.obj
d:\1_ins\ins_2d5lvs_20240604-sdkup-v204\inscamera\demo\x64\debug\ins_imagevalue.obj
d:\1_ins\ins_2d5lvs_20240604-sdkup-v204\inscamera\demo\x64\debug\lightedit.obj
d:\1_ins\ins_2d5lvs_20240604-sdkup-v204\inscamera\demo\x64\debug\ins_directionchoose.obj
d:\1_ins\ins_2d5lvs_20240604-sdkup-v204\inscamera\demo\x64\debug\ins_spaceadjust.obj
d:\1_ins\ins_2d5lvs_20240604-sdkup-v204\inscamera\demo\x64\debug\ins_deviceconnect.obj
d:\1_ins\ins_2d5lvs_20240604-sdkup-v204\inscamera\demo\x64\debug\mygraphicsview.obj
d:\1_ins\ins_2d5lvs_20240604-sdkup-v204\inscamera\demo\x64\debug\ins_titlebar.obj
d:\1_ins\ins_2d5lvs_20240604-sdkup-v204\inscamera\demo\x64\debug\modbuscommit.obj
d:\1_ins\ins_2d5lvs_20240604-sdkup-v204\inscamera\demo\x64\debug\ins_devicechoose.obj
d:\1_ins\ins_2d5lvs_20240604-sdkup-v204\inscamera\demo\x64\debug\insglobalvar.obj
d:\1_ins\ins_2d5lvs_20240604-sdkup-v204\inscamera\demo\x64\debug\updatethread.obj
d:\1_ins\ins_2d5lvs_20240604-sdkup-v204\inscamera\demo\x64\debug\ins_camlightpose.obj
d:\1_ins\ins_2d5lvs_20240604-sdkup-v204\inscamera\demo\x64\debug\imageprocessor.obj
d:\1_ins\ins_2d5lvs_20240604-sdkup-v204\inscamera\demo\x64\debug\ins_widget.obj
d:\1_ins\ins_2d5lvs_20240604-sdkup-v204\inscamera\demo\x64\debug\mainwindow.obj
d:\1_ins\ins_2d5lvs_20240604-sdkup-v204\inscamera\demo\x64\debug\ins_encodeverify.obj
d:\1_ins\ins_2d5lvs_20240604-sdkup-v204\inscamera\demo\x64\debug\main.obj
d:\1_ins\ins_2d5lvs_20240604-sdkup-v204\inscamera\demo\x64\debug\vc142.pdb
d:\1_ins\ins_2d5lvs_20240604-sdkup-v204\inscamera\demo\x64\debug\qrc_rresource.obj
d:\1_ins\ins_2d5lvs_20240604-sdkup-v204\inscamera\demo\x64\debug\moc_ins_titlebar.obj
d:\1_ins\ins_2d5lvs_20240604-sdkup-v204\inscamera\demo\x64\debug\moc_lightedit.obj
d:\1_ins\ins_2d5lvs_20240604-sdkup-v204\inscamera\demo\x64\debug\moc_ins_encodeverify.obj
d:\1_ins\ins_2d5lvs_20240604-sdkup-v204\inscamera\demo\x64\debug\moc_ins_imagevalue.obj
d:\1_ins\ins_2d5lvs_20240604-sdkup-v204\inscamera\demo\x64\debug\moc_ins_devicechoose.obj
d:\1_ins\ins_2d5lvs_20240604-sdkup-v204\inscamera\demo\x64\debug\moc_ins_spaceadjust.obj
d:\1_ins\ins_2d5lvs_20240604-sdkup-v204\inscamera\demo\x64\debug\moc_ins_directionchoose.obj
d:\1_ins\ins_2d5lvs_20240604-sdkup-v204\inscamera\demo\x64\debug\moc_ins_camlightpose.obj
d:\1_ins\ins_2d5lvs_20240604-sdkup-v204\inscamera\demo\x64\debug\moc_ins_deviceconnect.obj
d:\1_ins\ins_2d5lvs_20240604-sdkup-v204\inscamera\demo\x64\debug\moc_ins_widget.obj
d:\1_ins\ins_2d5lvs_20240604-sdkup-v204\inscamera\demo\x64\debug\moc_updatethread.obj
d:\1_ins\ins_2d5lvs_20240604-sdkup-v204\inscamera\demo\x64\debug\moc_mainwindow.obj
d:\1_ins\ins_2d5lvs_20240604-sdkup-v204\inscamera\demo\x64\debug\moc_imageprocessor.obj
d:\1_ins\ins_2d5lvs_20240604-sdkup-v204\inscamera\demo\x64\debug\moc_modbuscommit.obj
d:\1_ins\ins_2d5lvs_20240604-sdkup-v204\inscamera\demo\x64\debug\moc_mygraphicsview.obj
d:\1_ins\ins_2d5lvs_20240617-sdkup-12n\inscamera\demo\x64\debug\ins_camlightpose.obj
d:\1_ins\ins_2d5lvs_20240617-sdkup-12n\inscamera\demo\x64\debug\ins_directionchoose.obj
d:\1_ins\ins_2d5lvs_20240617-sdkup-12n\inscamera\demo\x64\debug\ins_titlebar.obj
d:\1_ins\ins_2d5lvs_20240617-sdkup-12n\inscamera\demo\x64\debug\lightedit.obj
d:\1_ins\ins_2d5lvs_20240617-sdkup-12n\inscamera\demo\x64\debug\mygraphicsview.obj
d:\1_ins\ins_2d5lvs_20240617-sdkup-12n\inscamera\demo\x64\debug\mainwindow.obj
d:\1_ins\ins_2d5lvs_20240617-sdkup-12n\inscamera\demo\x64\debug\ins_devicechoose.obj
d:\1_ins\ins_2d5lvs_20240617-sdkup-12n\inscamera\demo\x64\debug\ins_deviceconnect.obj
d:\1_ins\ins_2d5lvs_20240617-sdkup-12n\inscamera\demo\x64\debug\imageprocessor.obj
d:\1_ins\ins_2d5lvs_20240617-sdkup-12n\inscamera\demo\x64\debug\updatethread.obj
d:\1_ins\ins_2d5lvs_20240617-sdkup-12n\inscamera\demo\x64\debug\ins_imagevalue.obj
d:\1_ins\ins_2d5lvs_20240617-sdkup-12n\inscamera\demo\x64\debug\insglobalvar.obj
d:\1_ins\ins_2d5lvs_20240617-sdkup-12n\inscamera\demo\x64\debug\main.obj
d:\1_ins\ins_2d5lvs_20240617-sdkup-12n\inscamera\demo\x64\debug\ins_spaceadjust.obj
d:\1_ins\ins_2d5lvs_20240617-sdkup-12n\inscamera\demo\x64\debug\modbuscommit.obj
d:\1_ins\ins_2d5lvs_20240617-sdkup-12n\inscamera\demo\x64\debug\ins_widget.obj
d:\1_ins\ins_2d5lvs_20240617-sdkup-12n\inscamera\demo\x64\debug\ins_encodeverify.obj
d:\1_ins\ins_2d5lvs_20240617-sdkup-12n\inscamera\demo\x64\debug\vc142.pdb
d:\1_ins\ins_2d5lvs_20240617-sdkup-12n\inscamera\demo\x64\debug\qrc_rresource.obj
d:\1_ins\ins_2d5lvs_20240617-sdkup-12n\inscamera\demo\x64\debug\moc_mainwindow.obj
d:\1_ins\ins_2d5lvs_20240617-sdkup-12n\inscamera\demo\x64\debug\moc_ins_deviceconnect.obj
d:\1_ins\ins_2d5lvs_20240617-sdkup-12n\inscamera\demo\x64\debug\moc_ins_spaceadjust.obj
d:\1_ins\ins_2d5lvs_20240617-sdkup-12n\inscamera\demo\x64\debug\moc_ins_imagevalue.obj
d:\1_ins\ins_2d5lvs_20240617-sdkup-12n\inscamera\demo\x64\debug\moc_lightedit.obj
d:\1_ins\ins_2d5lvs_20240617-sdkup-12n\inscamera\demo\x64\debug\moc_ins_devicechoose.obj
d:\1_ins\ins_2d5lvs_20240617-sdkup-12n\inscamera\demo\x64\debug\moc_ins_titlebar.obj
d:\1_ins\ins_2d5lvs_20240617-sdkup-12n\inscamera\demo\x64\debug\moc_modbuscommit.obj
d:\1_ins\ins_2d5lvs_20240617-sdkup-12n\inscamera\demo\x64\debug\moc_ins_directionchoose.obj
d:\1_ins\ins_2d5lvs_20240617-sdkup-12n\inscamera\demo\x64\debug\moc_ins_widget.obj
d:\1_ins\ins_2d5lvs_20240617-sdkup-12n\inscamera\demo\x64\debug\moc_updatethread.obj
d:\1_ins\ins_2d5lvs_20240617-sdkup-12n\inscamera\demo\x64\debug\moc_mygraphicsview.obj
d:\1_ins\ins_2d5lvs_20240617-sdkup-12n\inscamera\demo\x64\debug\moc_ins_camlightpose.obj
d:\1_ins\ins_2d5lvs_20240617-sdkup-12n\inscamera\demo\x64\debug\moc_ins_encodeverify.obj
d:\1_ins\ins_2d5lvs_20240617-sdkup-12n\inscamera\demo\x64\debug\moc_imageprocessor.obj
d:\1_ins\ins_2d5lvs_20240621-sdkup-antialiasing\inscamera\demo\x64\debug\imageprocessor.obj
d:\1_ins\ins_2d5lvs_20240621-sdkup-antialiasing\inscamera\demo\x64\debug\mainwindow.obj
d:\1_ins\ins_2d5lvs_20240621-sdkup-antialiasing\inscamera\demo\x64\debug\ins_camlightpose.obj
d:\1_ins\ins_2d5lvs_20240621-sdkup-antialiasing\inscamera\demo\x64\debug\updatethread.obj
d:\1_ins\ins_2d5lvs_20240621-sdkup-antialiasing\inscamera\demo\x64\debug\ins_deviceconnect.obj
d:\1_ins\ins_2d5lvs_20240621-sdkup-antialiasing\inscamera\demo\x64\debug\ins_imagevalue.obj
d:\1_ins\ins_2d5lvs_20240621-sdkup-antialiasing\inscamera\demo\x64\debug\modbuscommit.obj
d:\1_ins\ins_2d5lvs_20240621-sdkup-antialiasing\inscamera\demo\x64\debug\ins_titlebar.obj
d:\1_ins\ins_2d5lvs_20240621-sdkup-antialiasing\inscamera\demo\x64\debug\ins_devicechoose.obj
d:\1_ins\ins_2d5lvs_20240621-sdkup-antialiasing\inscamera\demo\x64\debug\ins_widget.obj
d:\1_ins\ins_2d5lvs_20240621-sdkup-antialiasing\inscamera\demo\x64\debug\lightedit.obj
d:\1_ins\ins_2d5lvs_20240621-sdkup-antialiasing\inscamera\demo\x64\debug\ins_spaceadjust.obj
d:\1_ins\ins_2d5lvs_20240621-sdkup-antialiasing\inscamera\demo\x64\debug\main.obj
d:\1_ins\ins_2d5lvs_20240621-sdkup-antialiasing\inscamera\demo\x64\debug\ins_encodeverify.obj
d:\1_ins\ins_2d5lvs_20240621-sdkup-antialiasing\inscamera\demo\x64\debug\insglobalvar.obj
d:\1_ins\ins_2d5lvs_20240621-sdkup-antialiasing\inscamera\demo\x64\debug\mygraphicsview.obj
d:\1_ins\ins_2d5lvs_20240621-sdkup-antialiasing\inscamera\demo\x64\debug\ins_directionchoose.obj
d:\1_ins\ins_2d5lvs_20240621-sdkup-antialiasing\inscamera\demo\x64\debug\vc142.pdb
d:\1_ins\ins_2d5lvs_20240621-sdkup-antialiasing\inscamera\demo\x64\debug\qrc_rresource.obj
d:\1_ins\ins_2d5lvs_20240621-sdkup-antialiasing\inscamera\demo\x64\debug\moc_imageprocessor.obj
d:\1_ins\ins_2d5lvs_20240621-sdkup-antialiasing\inscamera\demo\x64\debug\moc_ins_devicechoose.obj
d:\1_ins\ins_2d5lvs_20240621-sdkup-antialiasing\inscamera\demo\x64\debug\moc_modbuscommit.obj
d:\1_ins\ins_2d5lvs_20240621-sdkup-antialiasing\inscamera\demo\x64\debug\moc_ins_deviceconnect.obj
d:\1_ins\ins_2d5lvs_20240621-sdkup-antialiasing\inscamera\demo\x64\debug\moc_ins_camlightpose.obj
d:\1_ins\ins_2d5lvs_20240621-sdkup-antialiasing\inscamera\demo\x64\debug\moc_ins_imagevalue.obj
d:\1_ins\ins_2d5lvs_20240621-sdkup-antialiasing\inscamera\demo\x64\debug\moc_updatethread.obj
d:\1_ins\ins_2d5lvs_20240621-sdkup-antialiasing\inscamera\demo\x64\debug\moc_ins_directionchoose.obj
d:\1_ins\ins_2d5lvs_20240621-sdkup-antialiasing\inscamera\demo\x64\debug\moc_mainwindow.obj
d:\1_ins\ins_2d5lvs_20240621-sdkup-antialiasing\inscamera\demo\x64\debug\moc_lightedit.obj
d:\1_ins\ins_2d5lvs_20240621-sdkup-antialiasing\inscamera\demo\x64\debug\moc_ins_encodeverify.obj
d:\1_ins\ins_2d5lvs_20240621-sdkup-antialiasing\inscamera\demo\x64\debug\moc_mygraphicsview.obj
d:\1_ins\ins_2d5lvs_20240621-sdkup-antialiasing\inscamera\demo\x64\debug\moc_ins_titlebar.obj
d:\1_ins\ins_2d5lvs_20240621-sdkup-antialiasing\inscamera\demo\x64\debug\moc_ins_spaceadjust.obj
d:\1_ins\ins_2d5lvs_20240621-sdkup-antialiasing\inscamera\demo\x64\debug\moc_ins_widget.obj
d:\1_ins\ins_2d5lvs_20240624-sdkup-gpu\inscamera\demo\x64\debug\ins_spaceadjust.obj
d:\1_ins\ins_2d5lvs_20240624-sdkup-gpu\inscamera\demo\x64\debug\lightedit.obj
d:\1_ins\ins_2d5lvs_20240624-sdkup-gpu\inscamera\demo\x64\debug\ins_imagevalue.obj
d:\1_ins\ins_2d5lvs_20240624-sdkup-gpu\inscamera\demo\x64\debug\ins_widget.obj
d:\1_ins\ins_2d5lvs_20240624-sdkup-gpu\inscamera\demo\x64\debug\ins_devicechoose.obj
d:\1_ins\ins_2d5lvs_20240624-sdkup-gpu\inscamera\demo\x64\debug\insglobalvar.obj
d:\1_ins\ins_2d5lvs_20240624-sdkup-gpu\inscamera\demo\x64\debug\mainwindow.obj
d:\1_ins\ins_2d5lvs_20240624-sdkup-gpu\inscamera\demo\x64\debug\mygraphicsview.obj
d:\1_ins\ins_2d5lvs_20240624-sdkup-gpu\inscamera\demo\x64\debug\modbuscommit.obj
d:\1_ins\ins_2d5lvs_20240624-sdkup-gpu\inscamera\demo\x64\debug\main.obj
d:\1_ins\ins_2d5lvs_20240624-sdkup-gpu\inscamera\demo\x64\debug\ins_encodeverify.obj
d:\1_ins\ins_2d5lvs_20240624-sdkup-gpu\inscamera\demo\x64\debug\ins_titlebar.obj
d:\1_ins\ins_2d5lvs_20240624-sdkup-gpu\inscamera\demo\x64\debug\imageprocessor.obj
d:\1_ins\ins_2d5lvs_20240624-sdkup-gpu\inscamera\demo\x64\debug\updatethread.obj
d:\1_ins\ins_2d5lvs_20240624-sdkup-gpu\inscamera\demo\x64\debug\ins_camlightpose.obj
d:\1_ins\ins_2d5lvs_20240624-sdkup-gpu\inscamera\demo\x64\debug\ins_directionchoose.obj
d:\1_ins\ins_2d5lvs_20240624-sdkup-gpu\inscamera\demo\x64\debug\ins_deviceconnect.obj
d:\1_ins\ins_2d5lvs_20240624-sdkup-gpu\inscamera\demo\x64\debug\vc142.pdb
d:\1_ins\ins_2d5lvs_20240624-sdkup-gpu\inscamera\demo\x64\debug\qrc_rresource.obj
d:\1_ins\ins_2d5lvs_20240624-sdkup-gpu\inscamera\demo\x64\debug\moc_ins_titlebar.obj
d:\1_ins\ins_2d5lvs_20240624-sdkup-gpu\inscamera\demo\x64\debug\moc_ins_deviceconnect.obj
d:\1_ins\ins_2d5lvs_20240624-sdkup-gpu\inscamera\demo\x64\debug\moc_ins_encodeverify.obj
d:\1_ins\ins_2d5lvs_20240624-sdkup-gpu\inscamera\demo\x64\debug\moc_ins_spaceadjust.obj
d:\1_ins\ins_2d5lvs_20240624-sdkup-gpu\inscamera\demo\x64\debug\moc_imageprocessor.obj
d:\1_ins\ins_2d5lvs_20240624-sdkup-gpu\inscamera\demo\x64\debug\moc_mygraphicsview.obj
d:\1_ins\ins_2d5lvs_20240624-sdkup-gpu\inscamera\demo\x64\debug\moc_ins_devicechoose.obj
d:\1_ins\ins_2d5lvs_20240624-sdkup-gpu\inscamera\demo\x64\debug\moc_ins_imagevalue.obj
d:\1_ins\ins_2d5lvs_20240624-sdkup-gpu\inscamera\demo\x64\debug\moc_ins_directionchoose.obj
d:\1_ins\ins_2d5lvs_20240624-sdkup-gpu\inscamera\demo\x64\debug\moc_ins_camlightpose.obj
d:\1_ins\ins_2d5lvs_20240624-sdkup-gpu\inscamera\demo\x64\debug\moc_lightedit.obj
d:\1_ins\ins_2d5lvs_20240624-sdkup-gpu\inscamera\demo\x64\debug\moc_mainwindow.obj
d:\1_ins\ins_2d5lvs_20240624-sdkup-gpu\inscamera\demo\x64\debug\moc_modbuscommit.obj
d:\1_ins\ins_2d5lvs_20240624-sdkup-gpu\inscamera\demo\x64\debug\moc_ins_widget.obj
d:\1_ins\ins_2d5lvs_20240624-sdkup-gpu\inscamera\demo\x64\debug\moc_updatethread.obj
d:\1_ins\ins_2d5lvs_20240530-sdkup-processimage\inscamera\demo\x64\debug\uic\ui_ins_camlightpose.h
d:\1_ins\ins_2d5lvs_20240530-sdkup-processimage\inscamera\demo\x64\debug\uic\ui_ins_devicechoose.h
d:\1_ins\ins_2d5lvs_20240530-sdkup-processimage\inscamera\demo\x64\debug\uic\ui_ins_deviceconnect.h
d:\1_ins\ins_2d5lvs_20240530-sdkup-processimage\inscamera\demo\x64\debug\uic\ui_ins_directionchoose.h
d:\1_ins\ins_2d5lvs_20240530-sdkup-processimage\inscamera\demo\x64\debug\uic\ui_ins_encodeverify.h
d:\1_ins\ins_2d5lvs_20240530-sdkup-processimage\inscamera\demo\x64\debug\uic\ui_ins_imagevalue.h
d:\1_ins\ins_2d5lvs_20240530-sdkup-processimage\inscamera\demo\x64\debug\uic\ui_ins_spaceadjust.h
d:\1_ins\ins_2d5lvs_20240530-sdkup-processimage\inscamera\demo\x64\debug\uic\ui_lightedit.h
d:\1_ins\ins_2d5lvs_20240530-sdkup-processimage\inscamera\demo\x64\debug\uic\ui_mainwindow.h
d:\1_ins\ins_2d5lvs_20240530-sdkup-processimage\inscamera\demo\x64\debug\rcc\qrc_rresource.cpp
d:\1_ins\ins_2d5lvs_20240530-sdkup-processimage\inscamera\demo\x64\debug\moc\moc_ins_camlightpose.cpp
d:\1_ins\ins_2d5lvs_20240530-sdkup-processimage\inscamera\demo\x64\debug\moc\moc_ins_devicechoose.cpp
d:\1_ins\ins_2d5lvs_20240530-sdkup-processimage\inscamera\demo\x64\debug\moc\moc_ins_encodeverify.cpp
d:\1_ins\ins_2d5lvs_20240530-sdkup-processimage\inscamera\demo\x64\debug\moc\moc_ins_imagevalue.cpp
d:\1_ins\ins_2d5lvs_20240530-sdkup-processimage\inscamera\demo\x64\debug\moc\moc_ins_spaceadjust.cpp
d:\1_ins\ins_2d5lvs_20240530-sdkup-processimage\inscamera\demo\x64\debug\moc\moc_ins_widget.cpp
d:\1_ins\ins_2d5lvs_20240530-sdkup-processimage\inscamera\demo\x64\debug\moc\moc_imageprocessor.cpp
d:\1_ins\ins_2d5lvs_20240530-sdkup-processimage\inscamera\demo\x64\debug\moc\moc_mygraphicsview.cpp
d:\1_ins\ins_2d5lvs_20240530-sdkup-processimage\inscamera\demo\x64\debug\moc\moc_mainwindow.cpp
d:\1_ins\ins_2d5lvs_20240530-sdkup-processimage\inscamera\demo\x64\debug\moc\moc_ins_directionchoose.cpp
d:\1_ins\ins_2d5lvs_20240530-sdkup-processimage\inscamera\demo\x64\debug\moc\moc_ins_deviceconnect.cpp
d:\1_ins\ins_2d5lvs_20240530-sdkup-processimage\inscamera\demo\x64\debug\moc\moc_ins_titlebar.cpp
d:\1_ins\ins_2d5lvs_20240530-sdkup-processimage\inscamera\demo\x64\debug\moc\moc_updatethread.cpp
d:\1_ins\ins_2d5lvs_20240530-sdkup-processimage\inscamera\demo\x64\debug\moc\moc_modbuscommit.cpp
d:\1_ins\ins_2d5lvs_20240530-sdkup-processimage\inscamera\demo\x64\debug\moc\moc_lightedit.cpp
d:\1_ins\ins_2d5lvs_20240604-sdkup-ui\inscamera\demo\x64\debug\uic\ui_ins_camlightpose.h
d:\1_ins\ins_2d5lvs_20240604-sdkup-ui\inscamera\demo\x64\debug\uic\ui_ins_devicechoose.h
d:\1_ins\ins_2d5lvs_20240604-sdkup-ui\inscamera\demo\x64\debug\uic\ui_ins_deviceconnect.h
d:\1_ins\ins_2d5lvs_20240604-sdkup-ui\inscamera\demo\x64\debug\uic\ui_ins_directionchoose.h
d:\1_ins\ins_2d5lvs_20240604-sdkup-ui\inscamera\demo\x64\debug\uic\ui_ins_encodeverify.h
d:\1_ins\ins_2d5lvs_20240604-sdkup-ui\inscamera\demo\x64\debug\uic\ui_ins_imagevalue.h
d:\1_ins\ins_2d5lvs_20240604-sdkup-ui\inscamera\demo\x64\debug\uic\ui_ins_spaceadjust.h
d:\1_ins\ins_2d5lvs_20240604-sdkup-ui\inscamera\demo\x64\debug\uic\ui_lightedit.h
d:\1_ins\ins_2d5lvs_20240604-sdkup-ui\inscamera\demo\x64\debug\uic\ui_mainwindow.h
d:\1_ins\ins_2d5lvs_20240604-sdkup-ui\inscamera\demo\x64\debug\rcc\qrc_rresource.cpp
d:\1_ins\ins_2d5lvs_20240604-sdkup-ui\inscamera\demo\x64\debug\moc\moc_ins_camlightpose.cpp
d:\1_ins\ins_2d5lvs_20240604-sdkup-ui\inscamera\demo\x64\debug\moc\moc_ins_devicechoose.cpp
d:\1_ins\ins_2d5lvs_20240604-sdkup-ui\inscamera\demo\x64\debug\moc\moc_ins_encodeverify.cpp
d:\1_ins\ins_2d5lvs_20240604-sdkup-ui\inscamera\demo\x64\debug\moc\moc_ins_imagevalue.cpp
d:\1_ins\ins_2d5lvs_20240604-sdkup-ui\inscamera\demo\x64\debug\moc\moc_ins_spaceadjust.cpp
d:\1_ins\ins_2d5lvs_20240604-sdkup-ui\inscamera\demo\x64\debug\moc\moc_ins_widget.cpp
d:\1_ins\ins_2d5lvs_20240604-sdkup-ui\inscamera\demo\x64\debug\moc\moc_imageprocessor.cpp
d:\1_ins\ins_2d5lvs_20240604-sdkup-ui\inscamera\demo\x64\debug\moc\moc_mygraphicsview.cpp
d:\1_ins\ins_2d5lvs_20240604-sdkup-ui\inscamera\demo\x64\debug\moc\moc_mainwindow.cpp
d:\1_ins\ins_2d5lvs_20240604-sdkup-ui\inscamera\demo\x64\debug\moc\moc_ins_directionchoose.cpp
d:\1_ins\ins_2d5lvs_20240604-sdkup-ui\inscamera\demo\x64\debug\moc\moc_ins_deviceconnect.cpp
d:\1_ins\ins_2d5lvs_20240604-sdkup-ui\inscamera\demo\x64\debug\moc\moc_ins_titlebar.cpp
d:\1_ins\ins_2d5lvs_20240604-sdkup-ui\inscamera\demo\x64\debug\moc\moc_updatethread.cpp
d:\1_ins\ins_2d5lvs_20240604-sdkup-ui\inscamera\demo\x64\debug\moc\moc_modbuscommit.cpp
d:\1_ins\ins_2d5lvs_20240604-sdkup-ui\inscamera\demo\x64\debug\moc\moc_lightedit.cpp
d:\1_ins\ins_2d5lvs_20240604-sdkup-ui - 副本\inscamera\demo\x64\debug\uic\ui_ins_camlightpose.h
d:\1_ins\ins_2d5lvs_20240604-sdkup-ui - 副本\inscamera\demo\x64\debug\uic\ui_ins_devicechoose.h
d:\1_ins\ins_2d5lvs_20240604-sdkup-ui - 副本\inscamera\demo\x64\debug\uic\ui_ins_deviceconnect.h
d:\1_ins\ins_2d5lvs_20240604-sdkup-ui - 副本\inscamera\demo\x64\debug\uic\ui_ins_directionchoose.h
d:\1_ins\ins_2d5lvs_20240604-sdkup-ui - 副本\inscamera\demo\x64\debug\uic\ui_ins_encodeverify.h
d:\1_ins\ins_2d5lvs_20240604-sdkup-ui - 副本\inscamera\demo\x64\debug\uic\ui_ins_imagevalue.h
d:\1_ins\ins_2d5lvs_20240604-sdkup-ui - 副本\inscamera\demo\x64\debug\uic\ui_ins_spaceadjust.h
d:\1_ins\ins_2d5lvs_20240604-sdkup-ui - 副本\inscamera\demo\x64\debug\uic\ui_lightedit.h
d:\1_ins\ins_2d5lvs_20240604-sdkup-ui - 副本\inscamera\demo\x64\debug\rcc\qrc_rresource.cpp
d:\1_ins\ins_2d5lvs_20240604-sdkup-ui - 副本\inscamera\demo\x64\debug\moc\moc_ins_camlightpose.cpp
d:\1_ins\ins_2d5lvs_20240604-sdkup-ui - 副本\inscamera\demo\x64\debug\moc\moc_ins_devicechoose.cpp
d:\1_ins\ins_2d5lvs_20240604-sdkup-ui - 副本\inscamera\demo\x64\debug\moc\moc_ins_encodeverify.cpp
d:\1_ins\ins_2d5lvs_20240604-sdkup-ui - 副本\inscamera\demo\x64\debug\moc\moc_ins_imagevalue.cpp
d:\1_ins\ins_2d5lvs_20240604-sdkup-ui - 副本\inscamera\demo\x64\debug\moc\moc_ins_spaceadjust.cpp
d:\1_ins\ins_2d5lvs_20240604-sdkup-ui - 副本\inscamera\demo\x64\debug\moc\moc_ins_widget.cpp
d:\1_ins\ins_2d5lvs_20240604-sdkup-ui - 副本\inscamera\demo\x64\debug\moc\moc_imageprocessor.cpp
d:\1_ins\ins_2d5lvs_20240604-sdkup-ui - 副本\inscamera\demo\x64\debug\moc\moc_mygraphicsview.cpp
d:\1_ins\ins_2d5lvs_20240604-sdkup-ui - 副本\inscamera\demo\x64\debug\moc\moc_mainwindow.cpp
d:\1_ins\ins_2d5lvs_20240604-sdkup-ui - 副本\inscamera\demo\x64\debug\moc\moc_ins_directionchoose.cpp
d:\1_ins\ins_2d5lvs_20240604-sdkup-ui - 副本\inscamera\demo\x64\debug\moc\moc_ins_deviceconnect.cpp
d:\1_ins\ins_2d5lvs_20240604-sdkup-ui - 副本\inscamera\demo\x64\debug\moc\moc_ins_titlebar.cpp
d:\1_ins\ins_2d5lvs_20240604-sdkup-ui - 副本\inscamera\demo\x64\debug\moc\moc_updatethread.cpp
d:\1_ins\ins_2d5lvs_20240604-sdkup-ui - 副本\inscamera\demo\x64\debug\moc\moc_modbuscommit.cpp
d:\1_ins\ins_2d5lvs_20240604-sdkup-ui - 副本\inscamera\demo\x64\debug\moc\moc_lightedit.cpp
d:\1_ins\ins_2d5lvs_20240604-sdkup-ui - 副本\inscamera\demo\x64\debug\uic\ui_mainwindow.h
d:\1_ins\ins_2d5lvs_20240604-sdkup-ui2\inscamera\demo\x64\debug\uic\ui_ins_camlightpose.h
d:\1_ins\ins_2d5lvs_20240604-sdkup-ui2\inscamera\demo\x64\debug\uic\ui_ins_devicechoose.h
d:\1_ins\ins_2d5lvs_20240604-sdkup-ui2\inscamera\demo\x64\debug\uic\ui_ins_deviceconnect.h
d:\1_ins\ins_2d5lvs_20240604-sdkup-ui2\inscamera\demo\x64\debug\uic\ui_ins_directionchoose.h
d:\1_ins\ins_2d5lvs_20240604-sdkup-ui2\inscamera\demo\x64\debug\uic\ui_ins_encodeverify.h
d:\1_ins\ins_2d5lvs_20240604-sdkup-ui2\inscamera\demo\x64\debug\uic\ui_ins_imagevalue.h
d:\1_ins\ins_2d5lvs_20240604-sdkup-ui2\inscamera\demo\x64\debug\uic\ui_ins_spaceadjust.h
d:\1_ins\ins_2d5lvs_20240604-sdkup-ui2\inscamera\demo\x64\debug\uic\ui_lightedit.h
d:\1_ins\ins_2d5lvs_20240604-sdkup-ui2\inscamera\demo\x64\debug\uic\ui_mainwindow.h
d:\1_ins\ins_2d5lvs_20240604-sdkup-ui2\inscamera\demo\x64\debug\rcc\qrc_rresource.cpp
d:\1_ins\ins_2d5lvs_20240604-sdkup-ui2\inscamera\demo\x64\debug\moc\moc_ins_camlightpose.cpp
d:\1_ins\ins_2d5lvs_20240604-sdkup-ui2\inscamera\demo\x64\debug\moc\moc_ins_devicechoose.cpp
d:\1_ins\ins_2d5lvs_20240604-sdkup-ui2\inscamera\demo\x64\debug\moc\moc_ins_encodeverify.cpp
d:\1_ins\ins_2d5lvs_20240604-sdkup-ui2\inscamera\demo\x64\debug\moc\moc_ins_imagevalue.cpp
d:\1_ins\ins_2d5lvs_20240604-sdkup-ui2\inscamera\demo\x64\debug\moc\moc_ins_spaceadjust.cpp
d:\1_ins\ins_2d5lvs_20240604-sdkup-ui2\inscamera\demo\x64\debug\moc\moc_ins_widget.cpp
d:\1_ins\ins_2d5lvs_20240604-sdkup-ui2\inscamera\demo\x64\debug\moc\moc_imageprocessor.cpp
d:\1_ins\ins_2d5lvs_20240604-sdkup-ui2\inscamera\demo\x64\debug\moc\moc_mygraphicsview.cpp
d:\1_ins\ins_2d5lvs_20240604-sdkup-ui2\inscamera\demo\x64\debug\moc\moc_mainwindow.cpp
d:\1_ins\ins_2d5lvs_20240604-sdkup-ui2\inscamera\demo\x64\debug\moc\moc_ins_directionchoose.cpp
d:\1_ins\ins_2d5lvs_20240604-sdkup-ui2\inscamera\demo\x64\debug\moc\moc_ins_deviceconnect.cpp
d:\1_ins\ins_2d5lvs_20240604-sdkup-ui2\inscamera\demo\x64\debug\moc\moc_ins_titlebar.cpp
d:\1_ins\ins_2d5lvs_20240604-sdkup-ui2\inscamera\demo\x64\debug\moc\moc_updatethread.cpp
d:\1_ins\ins_2d5lvs_20240604-sdkup-ui2\inscamera\demo\x64\debug\moc\moc_modbuscommit.cpp
d:\1_ins\ins_2d5lvs_20240604-sdkup-ui2\inscamera\demo\x64\debug\moc\moc_lightedit.cpp
d:\1_ins\ins_2d5lvs_20240604-sdkup-v203\inscamera\demo\x64\debug\uic\ui_ins_camlightpose.h
d:\1_ins\ins_2d5lvs_20240604-sdkup-v203\inscamera\demo\x64\debug\uic\ui_ins_devicechoose.h
d:\1_ins\ins_2d5lvs_20240604-sdkup-v203\inscamera\demo\x64\debug\uic\ui_ins_deviceconnect.h
d:\1_ins\ins_2d5lvs_20240604-sdkup-v203\inscamera\demo\x64\debug\uic\ui_ins_directionchoose.h
d:\1_ins\ins_2d5lvs_20240604-sdkup-v203\inscamera\demo\x64\debug\uic\ui_ins_encodeverify.h
d:\1_ins\ins_2d5lvs_20240604-sdkup-v203\inscamera\demo\x64\debug\uic\ui_ins_imagevalue.h
d:\1_ins\ins_2d5lvs_20240604-sdkup-v203\inscamera\demo\x64\debug\uic\ui_ins_spaceadjust.h
d:\1_ins\ins_2d5lvs_20240604-sdkup-v203\inscamera\demo\x64\debug\uic\ui_lightedit.h
d:\1_ins\ins_2d5lvs_20240604-sdkup-v203\inscamera\demo\x64\debug\rcc\qrc_rresource.cpp
d:\1_ins\ins_2d5lvs_20240604-sdkup-v203\inscamera\demo\x64\debug\moc\moc_ins_camlightpose.cpp
d:\1_ins\ins_2d5lvs_20240604-sdkup-v203\inscamera\demo\x64\debug\moc\moc_ins_devicechoose.cpp
d:\1_ins\ins_2d5lvs_20240604-sdkup-v203\inscamera\demo\x64\debug\moc\moc_ins_encodeverify.cpp
d:\1_ins\ins_2d5lvs_20240604-sdkup-v203\inscamera\demo\x64\debug\moc\moc_ins_imagevalue.cpp
d:\1_ins\ins_2d5lvs_20240604-sdkup-v203\inscamera\demo\x64\debug\moc\moc_ins_spaceadjust.cpp
d:\1_ins\ins_2d5lvs_20240604-sdkup-v203\inscamera\demo\x64\debug\moc\moc_ins_widget.cpp
d:\1_ins\ins_2d5lvs_20240604-sdkup-v203\inscamera\demo\x64\debug\moc\moc_imageprocessor.cpp
d:\1_ins\ins_2d5lvs_20240604-sdkup-v203\inscamera\demo\x64\debug\moc\moc_mygraphicsview.cpp
d:\1_ins\ins_2d5lvs_20240604-sdkup-v203\inscamera\demo\x64\debug\moc\moc_ins_directionchoose.cpp
d:\1_ins\ins_2d5lvs_20240604-sdkup-v203\inscamera\demo\x64\debug\moc\moc_ins_deviceconnect.cpp
d:\1_ins\ins_2d5lvs_20240604-sdkup-v203\inscamera\demo\x64\debug\moc\moc_ins_titlebar.cpp
d:\1_ins\ins_2d5lvs_20240604-sdkup-v203\inscamera\demo\x64\debug\moc\moc_updatethread.cpp
d:\1_ins\ins_2d5lvs_20240604-sdkup-v203\inscamera\demo\x64\debug\moc\moc_modbuscommit.cpp
d:\1_ins\ins_2d5lvs_20240604-sdkup-v203\inscamera\demo\x64\debug\moc\moc_lightedit.cpp
d:\1_ins\ins_2d5lvs_20240604-sdkup-v203\inscamera\demo\x64\debug\uic\ui_mainwindow.h
d:\1_ins\ins_2d5lvs_20240604-sdkup-v203\inscamera\demo\x64\debug\moc\moc_mainwindow.cpp
d:\1_ins\ins_2d5lvs_20240604-sdkup-v204\inscamera\demo\x64\debug\uic\ui_ins_camlightpose.h
d:\1_ins\ins_2d5lvs_20240604-sdkup-v204\inscamera\demo\x64\debug\uic\ui_ins_devicechoose.h
d:\1_ins\ins_2d5lvs_20240604-sdkup-v204\inscamera\demo\x64\debug\uic\ui_ins_deviceconnect.h
d:\1_ins\ins_2d5lvs_20240604-sdkup-v204\inscamera\demo\x64\debug\uic\ui_ins_directionchoose.h
d:\1_ins\ins_2d5lvs_20240604-sdkup-v204\inscamera\demo\x64\debug\uic\ui_ins_encodeverify.h
d:\1_ins\ins_2d5lvs_20240604-sdkup-v204\inscamera\demo\x64\debug\uic\ui_ins_imagevalue.h
d:\1_ins\ins_2d5lvs_20240604-sdkup-v204\inscamera\demo\x64\debug\uic\ui_ins_spaceadjust.h
d:\1_ins\ins_2d5lvs_20240604-sdkup-v204\inscamera\demo\x64\debug\uic\ui_lightedit.h
d:\1_ins\ins_2d5lvs_20240604-sdkup-v204\inscamera\demo\x64\debug\uic\ui_mainwindow.h
d:\1_ins\ins_2d5lvs_20240604-sdkup-v204\inscamera\demo\x64\debug\rcc\qrc_rresource.cpp
d:\1_ins\ins_2d5lvs_20240604-sdkup-v204\inscamera\demo\x64\debug\moc\moc_ins_camlightpose.cpp
d:\1_ins\ins_2d5lvs_20240604-sdkup-v204\inscamera\demo\x64\debug\moc\moc_ins_devicechoose.cpp
d:\1_ins\ins_2d5lvs_20240604-sdkup-v204\inscamera\demo\x64\debug\moc\moc_ins_encodeverify.cpp
d:\1_ins\ins_2d5lvs_20240604-sdkup-v204\inscamera\demo\x64\debug\moc\moc_ins_imagevalue.cpp
d:\1_ins\ins_2d5lvs_20240604-sdkup-v204\inscamera\demo\x64\debug\moc\moc_ins_spaceadjust.cpp
d:\1_ins\ins_2d5lvs_20240604-sdkup-v204\inscamera\demo\x64\debug\moc\moc_ins_widget.cpp
d:\1_ins\ins_2d5lvs_20240604-sdkup-v204\inscamera\demo\x64\debug\moc\moc_imageprocessor.cpp
d:\1_ins\ins_2d5lvs_20240604-sdkup-v204\inscamera\demo\x64\debug\moc\moc_mygraphicsview.cpp
d:\1_ins\ins_2d5lvs_20240604-sdkup-v204\inscamera\demo\x64\debug\moc\moc_mainwindow.cpp
d:\1_ins\ins_2d5lvs_20240604-sdkup-v204\inscamera\demo\x64\debug\moc\moc_ins_directionchoose.cpp
d:\1_ins\ins_2d5lvs_20240604-sdkup-v204\inscamera\demo\x64\debug\moc\moc_ins_deviceconnect.cpp
d:\1_ins\ins_2d5lvs_20240604-sdkup-v204\inscamera\demo\x64\debug\moc\moc_ins_titlebar.cpp
d:\1_ins\ins_2d5lvs_20240604-sdkup-v204\inscamera\demo\x64\debug\moc\moc_updatethread.cpp
d:\1_ins\ins_2d5lvs_20240604-sdkup-v204\inscamera\demo\x64\debug\moc\moc_modbuscommit.cpp
d:\1_ins\ins_2d5lvs_20240604-sdkup-v204\inscamera\demo\x64\debug\moc\moc_lightedit.cpp
d:\1_ins\ins_2d5lvs_20240617-sdkup-12n\inscamera\demo\x64\debug\uic\ui_ins_camlightpose.h
d:\1_ins\ins_2d5lvs_20240617-sdkup-12n\inscamera\demo\x64\debug\uic\ui_ins_devicechoose.h
d:\1_ins\ins_2d5lvs_20240617-sdkup-12n\inscamera\demo\x64\debug\uic\ui_ins_deviceconnect.h
d:\1_ins\ins_2d5lvs_20240617-sdkup-12n\inscamera\demo\x64\debug\uic\ui_ins_directionchoose.h
d:\1_ins\ins_2d5lvs_20240617-sdkup-12n\inscamera\demo\x64\debug\uic\ui_ins_encodeverify.h
d:\1_ins\ins_2d5lvs_20240617-sdkup-12n\inscamera\demo\x64\debug\uic\ui_ins_imagevalue.h
d:\1_ins\ins_2d5lvs_20240617-sdkup-12n\inscamera\demo\x64\debug\uic\ui_ins_spaceadjust.h
d:\1_ins\ins_2d5lvs_20240617-sdkup-12n\inscamera\demo\x64\debug\uic\ui_lightedit.h
d:\1_ins\ins_2d5lvs_20240617-sdkup-12n\inscamera\demo\x64\debug\uic\ui_mainwindow.h
d:\1_ins\ins_2d5lvs_20240617-sdkup-12n\inscamera\demo\x64\debug\rcc\qrc_rresource.cpp
d:\1_ins\ins_2d5lvs_20240617-sdkup-12n\inscamera\demo\x64\debug\moc\moc_ins_camlightpose.cpp
d:\1_ins\ins_2d5lvs_20240617-sdkup-12n\inscamera\demo\x64\debug\moc\moc_ins_devicechoose.cpp
d:\1_ins\ins_2d5lvs_20240617-sdkup-12n\inscamera\demo\x64\debug\moc\moc_ins_encodeverify.cpp
d:\1_ins\ins_2d5lvs_20240617-sdkup-12n\inscamera\demo\x64\debug\moc\moc_ins_imagevalue.cpp
d:\1_ins\ins_2d5lvs_20240617-sdkup-12n\inscamera\demo\x64\debug\moc\moc_ins_spaceadjust.cpp
d:\1_ins\ins_2d5lvs_20240617-sdkup-12n\inscamera\demo\x64\debug\moc\moc_ins_widget.cpp
d:\1_ins\ins_2d5lvs_20240617-sdkup-12n\inscamera\demo\x64\debug\moc\moc_imageprocessor.cpp
d:\1_ins\ins_2d5lvs_20240617-sdkup-12n\inscamera\demo\x64\debug\moc\moc_mygraphicsview.cpp
d:\1_ins\ins_2d5lvs_20240617-sdkup-12n\inscamera\demo\x64\debug\moc\moc_mainwindow.cpp
d:\1_ins\ins_2d5lvs_20240617-sdkup-12n\inscamera\demo\x64\debug\moc\moc_ins_directionchoose.cpp
d:\1_ins\ins_2d5lvs_20240617-sdkup-12n\inscamera\demo\x64\debug\moc\moc_ins_deviceconnect.cpp
d:\1_ins\ins_2d5lvs_20240617-sdkup-12n\inscamera\demo\x64\debug\moc\moc_ins_titlebar.cpp
d:\1_ins\ins_2d5lvs_20240617-sdkup-12n\inscamera\demo\x64\debug\moc\moc_updatethread.cpp
d:\1_ins\ins_2d5lvs_20240617-sdkup-12n\inscamera\demo\x64\debug\moc\moc_modbuscommit.cpp
d:\1_ins\ins_2d5lvs_20240617-sdkup-12n\inscamera\demo\x64\debug\moc\moc_lightedit.cpp
d:\1_ins\ins_2d5lvs_20240621-sdkup-antialiasing\inscamera\demo\x64\debug\uic\ui_ins_camlightpose.h
d:\1_ins\ins_2d5lvs_20240621-sdkup-antialiasing\inscamera\demo\x64\debug\uic\ui_ins_devicechoose.h
d:\1_ins\ins_2d5lvs_20240621-sdkup-antialiasing\inscamera\demo\x64\debug\uic\ui_ins_deviceconnect.h
d:\1_ins\ins_2d5lvs_20240621-sdkup-antialiasing\inscamera\demo\x64\debug\uic\ui_ins_directionchoose.h
d:\1_ins\ins_2d5lvs_20240621-sdkup-antialiasing\inscamera\demo\x64\debug\uic\ui_ins_encodeverify.h
d:\1_ins\ins_2d5lvs_20240621-sdkup-antialiasing\inscamera\demo\x64\debug\uic\ui_ins_imagevalue.h
d:\1_ins\ins_2d5lvs_20240621-sdkup-antialiasing\inscamera\demo\x64\debug\uic\ui_ins_spaceadjust.h
d:\1_ins\ins_2d5lvs_20240621-sdkup-antialiasing\inscamera\demo\x64\debug\uic\ui_lightedit.h
d:\1_ins\ins_2d5lvs_20240621-sdkup-antialiasing\inscamera\demo\x64\debug\uic\ui_mainwindow.h
d:\1_ins\ins_2d5lvs_20240621-sdkup-antialiasing\inscamera\demo\x64\debug\rcc\qrc_rresource.cpp
d:\1_ins\ins_2d5lvs_20240621-sdkup-antialiasing\inscamera\demo\x64\debug\moc\moc_ins_camlightpose.cpp
d:\1_ins\ins_2d5lvs_20240621-sdkup-antialiasing\inscamera\demo\x64\debug\moc\moc_ins_devicechoose.cpp
d:\1_ins\ins_2d5lvs_20240621-sdkup-antialiasing\inscamera\demo\x64\debug\moc\moc_ins_encodeverify.cpp
d:\1_ins\ins_2d5lvs_20240621-sdkup-antialiasing\inscamera\demo\x64\debug\moc\moc_ins_imagevalue.cpp
d:\1_ins\ins_2d5lvs_20240621-sdkup-antialiasing\inscamera\demo\x64\debug\moc\moc_ins_spaceadjust.cpp
d:\1_ins\ins_2d5lvs_20240621-sdkup-antialiasing\inscamera\demo\x64\debug\moc\moc_ins_widget.cpp
d:\1_ins\ins_2d5lvs_20240621-sdkup-antialiasing\inscamera\demo\x64\debug\moc\moc_imageprocessor.cpp
d:\1_ins\ins_2d5lvs_20240621-sdkup-antialiasing\inscamera\demo\x64\debug\moc\moc_mygraphicsview.cpp
d:\1_ins\ins_2d5lvs_20240621-sdkup-antialiasing\inscamera\demo\x64\debug\moc\moc_mainwindow.cpp
d:\1_ins\ins_2d5lvs_20240621-sdkup-antialiasing\inscamera\demo\x64\debug\moc\moc_ins_directionchoose.cpp
d:\1_ins\ins_2d5lvs_20240621-sdkup-antialiasing\inscamera\demo\x64\debug\moc\moc_ins_deviceconnect.cpp
d:\1_ins\ins_2d5lvs_20240621-sdkup-antialiasing\inscamera\demo\x64\debug\moc\moc_ins_titlebar.cpp
d:\1_ins\ins_2d5lvs_20240621-sdkup-antialiasing\inscamera\demo\x64\debug\moc\moc_updatethread.cpp
d:\1_ins\ins_2d5lvs_20240621-sdkup-antialiasing\inscamera\demo\x64\debug\moc\moc_modbuscommit.cpp
d:\1_ins\ins_2d5lvs_20240621-sdkup-antialiasing\inscamera\demo\x64\debug\moc\moc_lightedit.cpp
d:\1_ins\ins_2d5lvs_20240624-sdkup-gpu\inscamera\demo\x64\debug\uic\ui_ins_camlightpose.h
d:\1_ins\ins_2d5lvs_20240624-sdkup-gpu\inscamera\demo\x64\debug\uic\ui_ins_devicechoose.h
d:\1_ins\ins_2d5lvs_20240624-sdkup-gpu\inscamera\demo\x64\debug\uic\ui_ins_deviceconnect.h
d:\1_ins\ins_2d5lvs_20240624-sdkup-gpu\inscamera\demo\x64\debug\uic\ui_ins_directionchoose.h
d:\1_ins\ins_2d5lvs_20240624-sdkup-gpu\inscamera\demo\x64\debug\uic\ui_ins_encodeverify.h
d:\1_ins\ins_2d5lvs_20240624-sdkup-gpu\inscamera\demo\x64\debug\uic\ui_ins_imagevalue.h
d:\1_ins\ins_2d5lvs_20240624-sdkup-gpu\inscamera\demo\x64\debug\uic\ui_ins_spaceadjust.h
d:\1_ins\ins_2d5lvs_20240624-sdkup-gpu\inscamera\demo\x64\debug\uic\ui_lightedit.h
d:\1_ins\ins_2d5lvs_20240624-sdkup-gpu\inscamera\demo\x64\debug\uic\ui_mainwindow.h
d:\1_ins\ins_2d5lvs_20240624-sdkup-gpu\inscamera\demo\x64\debug\rcc\qrc_rresource.cpp
d:\1_ins\ins_2d5lvs_20240624-sdkup-gpu\inscamera\demo\x64\debug\moc\moc_ins_camlightpose.cpp
d:\1_ins\ins_2d5lvs_20240624-sdkup-gpu\inscamera\demo\x64\debug\moc\moc_ins_devicechoose.cpp
d:\1_ins\ins_2d5lvs_20240624-sdkup-gpu\inscamera\demo\x64\debug\moc\moc_ins_encodeverify.cpp
d:\1_ins\ins_2d5lvs_20240624-sdkup-gpu\inscamera\demo\x64\debug\moc\moc_ins_imagevalue.cpp
d:\1_ins\ins_2d5lvs_20240624-sdkup-gpu\inscamera\demo\x64\debug\moc\moc_ins_spaceadjust.cpp
d:\1_ins\ins_2d5lvs_20240624-sdkup-gpu\inscamera\demo\x64\debug\moc\moc_ins_widget.cpp
d:\1_ins\ins_2d5lvs_20240624-sdkup-gpu\inscamera\demo\x64\debug\moc\moc_imageprocessor.cpp
d:\1_ins\ins_2d5lvs_20240624-sdkup-gpu\inscamera\demo\x64\debug\moc\moc_mygraphicsview.cpp
d:\1_ins\ins_2d5lvs_20240624-sdkup-gpu\inscamera\demo\x64\debug\moc\moc_mainwindow.cpp
d:\1_ins\ins_2d5lvs_20240624-sdkup-gpu\inscamera\demo\x64\debug\moc\moc_ins_directionchoose.cpp
d:\1_ins\ins_2d5lvs_20240624-sdkup-gpu\inscamera\demo\x64\debug\moc\moc_ins_deviceconnect.cpp
d:\1_ins\ins_2d5lvs_20240624-sdkup-gpu\inscamera\demo\x64\debug\moc\moc_ins_titlebar.cpp
d:\1_ins\ins_2d5lvs_20240624-sdkup-gpu\inscamera\demo\x64\debug\moc\moc_updatethread.cpp
d:\1_ins\ins_2d5lvs_20240624-sdkup-gpu\inscamera\demo\x64\debug\moc\moc_modbuscommit.cpp
d:\1_ins\ins_2d5lvs_20240624-sdkup-gpu\inscamera\demo\x64\debug\moc\moc_lightedit.cpp
d:\1_ins\ins_2d5lvs_20240530-sdkup-processimage\inscamera\x64\debug\demo.exe
d:\1_ins\ins_2d5lvs_20240530-sdkup-processimage\inscamera\x64\debug\demo.ilk
d:\1_ins\ins_2d5lvs_20240530-sdkup-processimage\inscamera\x64\debug\demo.pdb
d:\1_ins\ins_2d5lvs_20240604-sdkup-ui2\inscamera\x64\debug\demo.exe
d:\1_ins\ins_2d5lvs_20240604-sdkup-ui2\inscamera\x64\debug\demo.ilk
d:\1_ins\ins_2d5lvs_20240604-sdkup-ui2\inscamera\x64\debug\demo.pdb
d:\1_ins\ins_2d5lvs_20240604-sdkup-v203\inscamera\x64\debug\demo.exe
d:\1_ins\ins_2d5lvs_20240604-sdkup-v203\inscamera\x64\debug\demo.ilk
d:\1_ins\ins_2d5lvs_20240604-sdkup-v203\inscamera\x64\debug\demo.pdb
d:\1_ins\ins_2d5lvs_20240604-sdkup-v204\inscamera\x64\debug\demo.exe
d:\1_ins\ins_2d5lvs_20240604-sdkup-v204\inscamera\x64\debug\demo.ilk
d:\1_ins\ins_2d5lvs_20240604-sdkup-v204\inscamera\x64\debug\demo.pdb
d:\1_ins\ins_2d5lvs_20240617-sdkup-12n\inscamera\x64\debug\demo.exe
d:\1_ins\ins_2d5lvs_20240617-sdkup-12n\inscamera\x64\debug\demo.ilk
d:\1_ins\ins_2d5lvs_20240617-sdkup-12n\inscamera\x64\debug\demo.pdb
d:\1_ins\ins_2d5lvs_20240621-sdkup-antialiasing\inscamera\x64\debug\demo.exe
d:\1_ins\ins_2d5lvs_20240621-sdkup-antialiasing\inscamera\x64\debug\demo.ilk
d:\1_ins\ins_2d5lvs_20240621-sdkup-antialiasing\inscamera\x64\debug\demo.pdb
d:\1_ins\ins_2d5lvs_20240530-sdkup-processimage\inscamera\demo\x64\debug\demo1.res
d:\1_ins\ins_2d5lvs_20240604-sdkup-ui2\inscamera\demo\x64\debug\demo1.res
d:\1_ins\ins_2d5lvs_20240604-sdkup-v203\inscamera\demo\x64\debug\demo1.res
d:\1_ins\ins_2d5lvs_20240604-sdkup-v204\inscamera\demo\x64\debug\demo1.res
d:\1_ins\ins_2d5lvs_20240617-sdkup-12n\inscamera\demo\x64\debug\demo1.res
d:\1_ins\ins_2d5lvs_20240621-sdkup-antialiasing\inscamera\demo\x64\debug\demo1.res
d:\1_ins\ins_2d5lvs_20240624-sdkup-gpu\inscamera\demo\x64\debug\demo1.res
d:\1_ins\ins_2d5lvs_20240624-sdkup-gpu\inscamera\x64\debug\demo.pdb
d:\1_ins\ins_2d5lvs_20240624-sdkup-gpu\inscamera\demo\x64\debug\demo.tlog\cl.command.1.tlog
d:\1_ins\ins_2d5lvs_20240624-sdkup-gpu\inscamera\demo\x64\debug\demo.tlog\cl.read.1.tlog
d:\1_ins\ins_2d5lvs_20240624-sdkup-gpu\inscamera\demo\x64\debug\demo.tlog\cl.write.1.tlog
d:\1_ins\ins_2d5lvs_20240624-sdkup-gpu\inscamera\demo\x64\debug\demo.tlog\demo.write.1u.tlog
d:\1_ins\ins_2d5lvs_20240624-sdkup-gpu\inscamera\demo\x64\debug\demo.tlog\link-cvtres.read.1.tlog
d:\1_ins\ins_2d5lvs_20240624-sdkup-gpu\inscamera\demo\x64\debug\demo.tlog\link-cvtres.write.1.tlog
d:\1_ins\ins_2d5lvs_20240624-sdkup-gpu\inscamera\demo\x64\debug\demo.tlog\link-rc.read.1.tlog
d:\1_ins\ins_2d5lvs_20240624-sdkup-gpu\inscamera\demo\x64\debug\demo.tlog\link-rc.write.1.tlog
d:\1_ins\ins_2d5lvs_20240624-sdkup-gpu\inscamera\demo\x64\debug\demo.tlog\link.command.1.tlog
d:\1_ins\ins_2d5lvs_20240624-sdkup-gpu\inscamera\demo\x64\debug\demo.tlog\link.read.1.tlog
d:\1_ins\ins_2d5lvs_20240624-sdkup-gpu\inscamera\demo\x64\debug\demo.tlog\link.write.1.tlog
d:\1_ins\ins_2d5lvs_20240624-sdkup-gpu\inscamera\demo\x64\debug\demo.tlog\moc.read.1u.tlog
d:\1_ins\ins_2d5lvs_20240624-sdkup-gpu\inscamera\demo\x64\debug\demo.tlog\moc.write.1u.tlog
d:\1_ins\ins_2d5lvs_20240624-sdkup-gpu\inscamera\demo\x64\debug\demo.tlog\rc.command.1.tlog
d:\1_ins\ins_2d5lvs_20240624-sdkup-gpu\inscamera\demo\x64\debug\demo.tlog\rc.read.1.tlog
d:\1_ins\ins_2d5lvs_20240624-sdkup-gpu\inscamera\demo\x64\debug\demo.tlog\rc.write.1.tlog
d:\1_ins\ins_2d5lvs_20240624-sdkup-gpu\inscamera\demo\x64\debug\demo.tlog\uic.read.1u.tlog
d:\1_ins\ins_2d5lvs_20240624-sdkup-gpu\inscamera\demo\x64\debug\demo.tlog\uic.write.1u.tlog
