d:\1_ins\ins_2d5lvs_20240527-sdkupdate\inscamera\inscamera\x64\release\vc142.pdb
d:\1_ins\ins_2d5lvs_20240527-sdkupdate\inscamera\inscamera\x64\release\modbus_udp.obj
d:\1_ins\ins_2d5lvs_20240527-sdkupdate\inscamera\inscamera\x64\release\ins_utility_proc.obj
d:\1_ins\ins_2d5lvs_20240527-sdkupdate\inscamera\inscamera\x64\release\ins_utility_global.obj
d:\1_ins\ins_2d5lvs_20240527-sdkupdate\inscamera\inscamera\x64\release\ins_camera_proc.obj
d:\1_ins\ins_2d5lvs_20240527-sdkupdate\inscamera\inscamera\x64\release\ins_2d5_log.obj
d:\1_ins\ins_2d5lvs_20240527-sdkupdate\inscamera\inscamera\x64\release\inscp_udp.obj
d:\1_ins\ins_2d5lvs_20240527-sdkupdate\inscamera\inscamera\x64\release\device.obj
d:\1_ins\ins_2d5lvs_20240527-sdkupdate\inscamera\inscamera\x64\release\base_camera.obj
d:\1_ins\ins_2d5lvs_20240527-sdkupdate\inscamera\inscamera\x64\release\ins_camera_c.obj
d:\1_ins\ins_2d5lvs_20240530-sdkup-processimage\inscamera\inscamera\x64\release\vc142.pdb
d:\1_ins\ins_2d5lvs_20240530-sdkup-processimage\inscamera\inscamera\x64\release\modbus_udp.obj
d:\1_ins\ins_2d5lvs_20240530-sdkup-processimage\inscamera\inscamera\x64\release\ins_utility_proc.obj
d:\1_ins\ins_2d5lvs_20240530-sdkup-processimage\inscamera\inscamera\x64\release\ins_utility_global.obj
d:\1_ins\ins_2d5lvs_20240530-sdkup-processimage\inscamera\inscamera\x64\release\ins_camera_proc.obj
d:\1_ins\ins_2d5lvs_20240530-sdkup-processimage\inscamera\inscamera\x64\release\ins_2d5_log.obj
d:\1_ins\ins_2d5lvs_20240530-sdkup-processimage\inscamera\inscamera\x64\release\inscp_udp.obj
d:\1_ins\ins_2d5lvs_20240530-sdkup-processimage\inscamera\inscamera\x64\release\device.obj
d:\1_ins\ins_2d5lvs_20240530-sdkup-processimage\inscamera\inscamera\x64\release\base_camera.obj
d:\1_ins\ins_2d5lvs_20240530-sdkup-processimage\inscamera\inscamera\x64\release\ins_camera_c.obj
d:\1_ins\ins_2d5lvs_20240527-sdkupdate\inscamera\x64\release\inscamera.lib
d:\1_ins\ins_2d5lvs_20240527-sdkupdate\inscamera\x64\release\inscamera.exp
d:\1_ins\ins_2d5lvs_20240530-sdkup-processimage\inscamera\x64\release\inscamera.lib
d:\1_ins\ins_2d5lvs_20240530-sdkup-processimage\inscamera\x64\release\inscamera.exp
d:\1_ins\ins_2d5lvs_20240527-sdkupdate\inscamera\x64\release\inscamera.dll
d:\1_ins\ins_2d5lvs_20240527-sdkupdate\inscamera\inscamera\x64\release\inscamera.ipdb
d:\1_ins\ins_2d5lvs_20240527-sdkupdate\inscamera\inscamera\x64\release\inscamera.iobj
d:\1_ins\ins_2d5lvs_20240527-sdkupdate\inscamera\x64\release\inscamera.pdb
d:\1_ins\ins_2d5lvs_20240530-sdkup-processimage\inscamera\x64\release\inscamera.dll
d:\1_ins\ins_2d5lvs_20240530-sdkup-processimage\inscamera\inscamera\x64\release\inscamera.ipdb
d:\1_ins\ins_2d5lvs_20240530-sdkup-processimage\inscamera\inscamera\x64\release\inscamera.iobj
d:\1_ins\ins_2d5lvs_20240530-sdkup-processimage\inscamera\x64\release\inscamera.pdb
d:\1_ins\ins_2d5lvs_20240530-sdkup-processimage\inscamera\inscamera\x64\release\inscamera.tlog\cl.command.1.tlog
d:\1_ins\ins_2d5lvs_20240530-sdkup-processimage\inscamera\inscamera\x64\release\inscamera.tlog\cl.read.1.tlog
d:\1_ins\ins_2d5lvs_20240530-sdkup-processimage\inscamera\inscamera\x64\release\inscamera.tlog\cl.write.1.tlog
d:\1_ins\ins_2d5lvs_20240530-sdkup-processimage\inscamera\inscamera\x64\release\inscamera.tlog\inscamera.write.1u.tlog
d:\1_ins\ins_2d5lvs_20240530-sdkup-processimage\inscamera\inscamera\x64\release\inscamera.tlog\link.command.1.tlog
d:\1_ins\ins_2d5lvs_20240530-sdkup-processimage\inscamera\inscamera\x64\release\inscamera.tlog\link.read.1.tlog
d:\1_ins\ins_2d5lvs_20240530-sdkup-processimage\inscamera\inscamera\x64\release\inscamera.tlog\link.write.1.tlog
